[debug] [2025-01-22T12:45:06.700Z] ----------------------------------------------------------------------
[debug] [2025-01-22T12:45:06.702Z] Command:       C:\Program Files\nodejs\node.exe C:\Users\jaier\AppData\Roaming\npm\node_modules\firebase-tools\lib\bin\firebase.js deploy
[debug] [2025-01-22T12:45:06.702Z] CLI Version:   13.29.1
[debug] [2025-01-22T12:45:06.702Z] Platform:      win32
[debug] [2025-01-22T12:45:06.702Z] Node Version:  v22.3.0
[debug] [2025-01-22T12:45:06.702Z] Time:          Wed Jan 22 2025 20:45:06 GMT+0800 (China Standard Time)
[debug] [2025-01-22T12:45:06.703Z] ----------------------------------------------------------------------
[debug] 
[debug] [2025-01-22T12:45:06.749Z] > command requires scopes: ["email","openid","https://www.googleapis.com/auth/cloudplatformprojects.readonly","https://www.googleapis.com/auth/firebase","https://www.googleapis.com/auth/cloud-platform"]
[debug] [2025-01-22T12:45:06.749Z] > authorizing via signed-in user (dojolesjaier9@gmail.com)
[debug] [2025-01-22T12:45:06.749Z] [iam] checking project wildcats-express-pos for permissions ["firebase.projects.get","firebasehosting.sites.update"]
[debug] [2025-01-22T12:45:06.750Z] Checked if tokens are valid: true, expires at: 1737550888495
[debug] [2025-01-22T12:45:06.750Z] Checked if tokens are valid: true, expires at: 1737550888495
[debug] [2025-01-22T12:45:06.751Z] >>> [apiv2][query] POST https://cloudresourcemanager.googleapis.com/v1/projects/wildcats-express-pos:testIamPermissions [none]
[debug] [2025-01-22T12:45:06.751Z] >>> [apiv2][(partial)header] POST https://cloudresourcemanager.googleapis.com/v1/projects/wildcats-express-pos:testIamPermissions x-goog-quota-user=projects/wildcats-express-pos
[debug] [2025-01-22T12:45:06.751Z] >>> [apiv2][body] POST https://cloudresourcemanager.googleapis.com/v1/projects/wildcats-express-pos:testIamPermissions {"permissions":["firebase.projects.get","firebasehosting.sites.update"]}
[debug] [2025-01-22T12:45:07.767Z] <<< [apiv2][status] POST https://cloudresourcemanager.googleapis.com/v1/projects/wildcats-express-pos:testIamPermissions 200
[debug] [2025-01-22T12:45:07.767Z] <<< [apiv2][body] POST https://cloudresourcemanager.googleapis.com/v1/projects/wildcats-express-pos:testIamPermissions {"permissions":["firebase.projects.get","firebasehosting.sites.update"]}
[debug] [2025-01-22T12:45:07.767Z] Checked if tokens are valid: true, expires at: 1737550888495
[debug] [2025-01-22T12:45:07.768Z] Checked if tokens are valid: true, expires at: 1737550888495
[debug] [2025-01-22T12:45:07.768Z] >>> [apiv2][query] GET https://firebase.googleapis.com/v1beta1/projects/wildcats-express-pos [none]
[debug] [2025-01-22T12:45:08.167Z] <<< [apiv2][status] GET https://firebase.googleapis.com/v1beta1/projects/wildcats-express-pos 200
[debug] [2025-01-22T12:45:08.167Z] <<< [apiv2][body] GET https://firebase.googleapis.com/v1beta1/projects/wildcats-express-pos {"projectId":"wildcats-express-pos","projectNumber":"908404798026","displayName":"wildcats-express-pos","name":"projects/wildcats-express-pos","resources":{"hostingSite":"wildcats-express-pos"},"state":"ACTIVE","etag":"1_3fff5955-4fae-4338-b57e-cd67ae54853c"}
[info] 
[info] === Deploying to 'wildcats-express-pos'...
[info] 
[info] i  deploying hosting 
[debug] [2025-01-22T12:45:08.171Z] Checked if tokens are valid: true, expires at: 1737550888495
[debug] [2025-01-22T12:45:08.171Z] Checked if tokens are valid: true, expires at: 1737550888495
[debug] [2025-01-22T12:45:08.171Z] >>> [apiv2][query] POST https://firebasehosting.googleapis.com/v1beta1/projects/-/sites/wildcats-express-pos/versions [none]
[debug] [2025-01-22T12:45:08.171Z] >>> [apiv2][body] POST https://firebasehosting.googleapis.com/v1beta1/projects/-/sites/wildcats-express-pos/versions {"status":"CREATED","labels":{"deployment-tool":"cli-firebase"}}
[debug] [2025-01-22T12:45:09.591Z] <<< [apiv2][status] POST https://firebasehosting.googleapis.com/v1beta1/projects/-/sites/wildcats-express-pos/versions 200
[debug] [2025-01-22T12:45:09.591Z] <<< [apiv2][body] POST https://firebasehosting.googleapis.com/v1beta1/projects/-/sites/wildcats-express-pos/versions {"name":"projects/908404798026/sites/wildcats-express-pos/versions/dc0beae623beb78b","status":"CREATED","config":{},"labels":{"deployment-tool":"cli-firebase"}}
[info] i  hosting[wildcats-express-pos]: beginning deploy... 
[info] i  hosting[wildcats-express-pos]: found 12 files in build 
[debug] [2025-01-22T12:45:09.600Z] [hosting] uploading with 200 concurrency
[debug] [2025-01-22T12:45:09.601Z] [hosting] hash cache [YnVpbGQ] not populated
[debug] [2025-01-22T12:45:09.812Z] Checked if tokens are valid: true, expires at: 1737550888495
[debug] [2025-01-22T12:45:09.812Z] Checked if tokens are valid: true, expires at: 1737550888495
[debug] [2025-01-22T12:45:09.813Z] [hosting] hash cache [YnVpbGQ] stored for 12 files
[debug] [2025-01-22T12:45:09.813Z] [hosting][hash queue][FINAL] {"max":208,"min":4,"avg":22.416666666666668,"active":0,"complete":12,"success":12,"errored":0,"retried":0,"total":12,"elapsed":211}
[debug] [2025-01-22T12:45:09.813Z] >>> [apiv2][query] POST https://firebasehosting.googleapis.com/v1beta1/projects/908404798026/sites/wildcats-express-pos/versions/dc0beae623beb78b:populateFiles [none]
[debug] [2025-01-22T12:45:09.813Z] >>> [apiv2][body] POST https://firebasehosting.googleapis.com/v1beta1/projects/908404798026/sites/wildcats-express-pos/versions/dc0beae623beb78b:populateFiles {"files":{"/robots.txt":"b2090cf9761ef60aa06e4fab97679bd43dfa5e5df073701ead5879d7c68f1ec5","/manifest.json":"4368aeaf848ae2e048765562c289452f33ad2a175c4b1951ea8bdf2ada0d5b10","/index.html":"5f78d874f0146b5b8ed3949671e45fc88453b9a8aa2c06e41bef8bda522cb22c","/logo512.png":"212b102aa09e51b3b3e06647e81f7801a61333e171f6582e8124379aabccb41d","/asset-manifest.json":"c5bbecdfd01ff9cb25ba2b0751df815cc867d6280c3019dc719a4d208607f2e8","/favicon.ico":"27edce7be5922cf0bef7d4136f69b5bfbdd5bf8c13c7b026f71187d41a00aa7d","/static/js/main.278a123b.js.LICENSE.txt":"b1ee0c8e50d57138028a3feaa66c894ab90e1cfce72deb0236dc2732030a5d78","/static/css/main.d8cc2f06.css.map":"543b20bcb5b2c0e926e30e41e354dbe8e9c0110ded08645176137e5ebc64d5be","/logo192.png":"79e2b749561016bc8af300ea19f48347ceed3cb1a54f48ae456172eca45e08f0","/static/css/main.d8cc2f06.css":"b4b7dad561ad824f6e56ca73ea13e78e79c664c773472a41392345a23d69bae1","/static/js/main.278a123b.js":"4f590cbb8a514a59a6e5063b76eba220b33bac64c9fa9b702fa607171dbb4140","/static/js/main.278a123b.js.map":"8e739de123609f51de28a192618d665a9fcd1db3420edbe3d326026b6b1f4345"}}
[debug] [2025-01-22T12:45:10.379Z] <<< [apiv2][status] POST https://firebasehosting.googleapis.com/v1beta1/projects/908404798026/sites/wildcats-express-pos/versions/dc0beae623beb78b:populateFiles 200
[debug] [2025-01-22T12:45:10.379Z] <<< [apiv2][body] POST https://firebasehosting.googleapis.com/v1beta1/projects/908404798026/sites/wildcats-express-pos/versions/dc0beae623beb78b:populateFiles {"uploadRequiredHashes":["27edce7be5922cf0bef7d4136f69b5bfbdd5bf8c13c7b026f71187d41a00aa7d","b1ee0c8e50d57138028a3feaa66c894ab90e1cfce72deb0236dc2732030a5d78","b4b7dad561ad824f6e56ca73ea13e78e79c664c773472a41392345a23d69bae1","b2090cf9761ef60aa06e4fab97679bd43dfa5e5df073701ead5879d7c68f1ec5","c5bbecdfd01ff9cb25ba2b0751df815cc867d6280c3019dc719a4d208607f2e8","4368aeaf848ae2e048765562c289452f33ad2a175c4b1951ea8bdf2ada0d5b10","212b102aa09e51b3b3e06647e81f7801a61333e171f6582e8124379aabccb41d","8e739de123609f51de28a192618d665a9fcd1db3420edbe3d326026b6b1f4345","5f78d874f0146b5b8ed3949671e45fc88453b9a8aa2c06e41bef8bda522cb22c","543b20bcb5b2c0e926e30e41e354dbe8e9c0110ded08645176137e5ebc64d5be","79e2b749561016bc8af300ea19f48347ceed3cb1a54f48ae456172eca45e08f0","4f590cbb8a514a59a6e5063b76eba220b33bac64c9fa9b702fa607171dbb4140"],"uploadUrl":"https://upload-firebasehosting.googleapis.com/upload/sites/wildcats-express-pos/versions/dc0beae623beb78b/files"}
[debug] [2025-01-22T12:45:10.380Z] Checked if tokens are valid: true, expires at: 1737550888495
[debug] [2025-01-22T12:45:10.380Z] Checked if tokens are valid: true, expires at: 1737550888495
[debug] [2025-01-22T12:45:10.380Z] Checked if tokens are valid: true, expires at: 1737550888495
[debug] [2025-01-22T12:45:10.380Z] Checked if tokens are valid: true, expires at: 1737550888495
[debug] [2025-01-22T12:45:10.380Z] Checked if tokens are valid: true, expires at: 1737550888495
[debug] [2025-01-22T12:45:10.380Z] Checked if tokens are valid: true, expires at: 1737550888495
[debug] [2025-01-22T12:45:10.380Z] Checked if tokens are valid: true, expires at: 1737550888495
[debug] [2025-01-22T12:45:10.380Z] Checked if tokens are valid: true, expires at: 1737550888495
[debug] [2025-01-22T12:45:10.380Z] Checked if tokens are valid: true, expires at: 1737550888495
[debug] [2025-01-22T12:45:10.380Z] Checked if tokens are valid: true, expires at: 1737550888495
[debug] [2025-01-22T12:45:10.380Z] Checked if tokens are valid: true, expires at: 1737550888495
[debug] [2025-01-22T12:45:10.380Z] Checked if tokens are valid: true, expires at: 1737550888495
[debug] [2025-01-22T12:45:10.380Z] Checked if tokens are valid: true, expires at: 1737550888495
[debug] [2025-01-22T12:45:10.380Z] Checked if tokens are valid: true, expires at: 1737550888495
[debug] [2025-01-22T12:45:10.381Z] Checked if tokens are valid: true, expires at: 1737550888495
[debug] [2025-01-22T12:45:10.381Z] Checked if tokens are valid: true, expires at: 1737550888495
[debug] [2025-01-22T12:45:10.381Z] Checked if tokens are valid: true, expires at: 1737550888495
[debug] [2025-01-22T12:45:10.381Z] Checked if tokens are valid: true, expires at: 1737550888495
[debug] [2025-01-22T12:45:10.381Z] Checked if tokens are valid: true, expires at: 1737550888495
[debug] [2025-01-22T12:45:10.381Z] Checked if tokens are valid: true, expires at: 1737550888495
[debug] [2025-01-22T12:45:10.381Z] Checked if tokens are valid: true, expires at: 1737550888495
[debug] [2025-01-22T12:45:10.381Z] Checked if tokens are valid: true, expires at: 1737550888495
[debug] [2025-01-22T12:45:10.381Z] Checked if tokens are valid: true, expires at: 1737550888495
[debug] [2025-01-22T12:45:10.381Z] Checked if tokens are valid: true, expires at: 1737550888495
[debug] [2025-01-22T12:45:10.381Z] >>> [apiv2][query] POST https://upload-firebasehosting.googleapis.com/upload/sites/wildcats-express-pos/versions/dc0beae623beb78b/files/27edce7be5922cf0bef7d4136f69b5bfbdd5bf8c13c7b026f71187d41a00aa7d [none]
[debug] [2025-01-22T12:45:10.381Z] >>> [apiv2][body] POST https://upload-firebasehosting.googleapis.com/upload/sites/wildcats-express-pos/versions/dc0beae623beb78b/files/27edce7be5922cf0bef7d4136f69b5bfbdd5bf8c13c7b026f71187d41a00aa7d [stream]
[debug] [2025-01-22T12:45:10.382Z] >>> [apiv2][query] POST https://upload-firebasehosting.googleapis.com/upload/sites/wildcats-express-pos/versions/dc0beae623beb78b/files/b1ee0c8e50d57138028a3feaa66c894ab90e1cfce72deb0236dc2732030a5d78 [none]
[debug] [2025-01-22T12:45:10.382Z] >>> [apiv2][body] POST https://upload-firebasehosting.googleapis.com/upload/sites/wildcats-express-pos/versions/dc0beae623beb78b/files/b1ee0c8e50d57138028a3feaa66c894ab90e1cfce72deb0236dc2732030a5d78 [stream]
[debug] [2025-01-22T12:45:10.383Z] >>> [apiv2][query] POST https://upload-firebasehosting.googleapis.com/upload/sites/wildcats-express-pos/versions/dc0beae623beb78b/files/b4b7dad561ad824f6e56ca73ea13e78e79c664c773472a41392345a23d69bae1 [none]
[debug] [2025-01-22T12:45:10.383Z] >>> [apiv2][body] POST https://upload-firebasehosting.googleapis.com/upload/sites/wildcats-express-pos/versions/dc0beae623beb78b/files/b4b7dad561ad824f6e56ca73ea13e78e79c664c773472a41392345a23d69bae1 [stream]
[debug] [2025-01-22T12:45:10.384Z] >>> [apiv2][query] POST https://upload-firebasehosting.googleapis.com/upload/sites/wildcats-express-pos/versions/dc0beae623beb78b/files/b2090cf9761ef60aa06e4fab97679bd43dfa5e5df073701ead5879d7c68f1ec5 [none]
[debug] [2025-01-22T12:45:10.384Z] >>> [apiv2][body] POST https://upload-firebasehosting.googleapis.com/upload/sites/wildcats-express-pos/versions/dc0beae623beb78b/files/b2090cf9761ef60aa06e4fab97679bd43dfa5e5df073701ead5879d7c68f1ec5 [stream]
[debug] [2025-01-22T12:45:10.385Z] >>> [apiv2][query] POST https://upload-firebasehosting.googleapis.com/upload/sites/wildcats-express-pos/versions/dc0beae623beb78b/files/c5bbecdfd01ff9cb25ba2b0751df815cc867d6280c3019dc719a4d208607f2e8 [none]
[debug] [2025-01-22T12:45:10.385Z] >>> [apiv2][body] POST https://upload-firebasehosting.googleapis.com/upload/sites/wildcats-express-pos/versions/dc0beae623beb78b/files/c5bbecdfd01ff9cb25ba2b0751df815cc867d6280c3019dc719a4d208607f2e8 [stream]
[debug] [2025-01-22T12:45:10.386Z] >>> [apiv2][query] POST https://upload-firebasehosting.googleapis.com/upload/sites/wildcats-express-pos/versions/dc0beae623beb78b/files/4368aeaf848ae2e048765562c289452f33ad2a175c4b1951ea8bdf2ada0d5b10 [none]
[debug] [2025-01-22T12:45:10.386Z] >>> [apiv2][body] POST https://upload-firebasehosting.googleapis.com/upload/sites/wildcats-express-pos/versions/dc0beae623beb78b/files/4368aeaf848ae2e048765562c289452f33ad2a175c4b1951ea8bdf2ada0d5b10 [stream]
[debug] [2025-01-22T12:45:10.387Z] >>> [apiv2][query] POST https://upload-firebasehosting.googleapis.com/upload/sites/wildcats-express-pos/versions/dc0beae623beb78b/files/212b102aa09e51b3b3e06647e81f7801a61333e171f6582e8124379aabccb41d [none]
[debug] [2025-01-22T12:45:10.387Z] >>> [apiv2][body] POST https://upload-firebasehosting.googleapis.com/upload/sites/wildcats-express-pos/versions/dc0beae623beb78b/files/212b102aa09e51b3b3e06647e81f7801a61333e171f6582e8124379aabccb41d [stream]
[debug] [2025-01-22T12:45:10.387Z] >>> [apiv2][query] POST https://upload-firebasehosting.googleapis.com/upload/sites/wildcats-express-pos/versions/dc0beae623beb78b/files/8e739de123609f51de28a192618d665a9fcd1db3420edbe3d326026b6b1f4345 [none]
[debug] [2025-01-22T12:45:10.387Z] >>> [apiv2][body] POST https://upload-firebasehosting.googleapis.com/upload/sites/wildcats-express-pos/versions/dc0beae623beb78b/files/8e739de123609f51de28a192618d665a9fcd1db3420edbe3d326026b6b1f4345 [stream]
[debug] [2025-01-22T12:45:10.388Z] >>> [apiv2][query] POST https://upload-firebasehosting.googleapis.com/upload/sites/wildcats-express-pos/versions/dc0beae623beb78b/files/5f78d874f0146b5b8ed3949671e45fc88453b9a8aa2c06e41bef8bda522cb22c [none]
[debug] [2025-01-22T12:45:10.388Z] >>> [apiv2][body] POST https://upload-firebasehosting.googleapis.com/upload/sites/wildcats-express-pos/versions/dc0beae623beb78b/files/5f78d874f0146b5b8ed3949671e45fc88453b9a8aa2c06e41bef8bda522cb22c [stream]
[debug] [2025-01-22T12:45:10.389Z] >>> [apiv2][query] POST https://upload-firebasehosting.googleapis.com/upload/sites/wildcats-express-pos/versions/dc0beae623beb78b/files/543b20bcb5b2c0e926e30e41e354dbe8e9c0110ded08645176137e5ebc64d5be [none]
[debug] [2025-01-22T12:45:10.389Z] >>> [apiv2][body] POST https://upload-firebasehosting.googleapis.com/upload/sites/wildcats-express-pos/versions/dc0beae623beb78b/files/543b20bcb5b2c0e926e30e41e354dbe8e9c0110ded08645176137e5ebc64d5be [stream]
[debug] [2025-01-22T12:45:10.389Z] >>> [apiv2][query] POST https://upload-firebasehosting.googleapis.com/upload/sites/wildcats-express-pos/versions/dc0beae623beb78b/files/79e2b749561016bc8af300ea19f48347ceed3cb1a54f48ae456172eca45e08f0 [none]
[debug] [2025-01-22T12:45:10.389Z] >>> [apiv2][body] POST https://upload-firebasehosting.googleapis.com/upload/sites/wildcats-express-pos/versions/dc0beae623beb78b/files/79e2b749561016bc8af300ea19f48347ceed3cb1a54f48ae456172eca45e08f0 [stream]
[debug] [2025-01-22T12:45:10.390Z] >>> [apiv2][query] POST https://upload-firebasehosting.googleapis.com/upload/sites/wildcats-express-pos/versions/dc0beae623beb78b/files/4f590cbb8a514a59a6e5063b76eba220b33bac64c9fa9b702fa607171dbb4140 [none]
[debug] [2025-01-22T12:45:10.390Z] >>> [apiv2][body] POST https://upload-firebasehosting.googleapis.com/upload/sites/wildcats-express-pos/versions/dc0beae623beb78b/files/4f590cbb8a514a59a6e5063b76eba220b33bac64c9fa9b702fa607171dbb4140 [stream]
[debug] [2025-01-22T12:45:10.390Z] [hosting][populate queue][FINAL] {"max":570,"min":570,"avg":570,"active":0,"complete":1,"success":1,"errored":0,"retried":0,"total":1,"elapsed":579}
[debug] [2025-01-22T12:45:10.390Z] [hosting] uploads queued: 12
[debug] [2025-01-22T12:45:11.690Z] <<< [apiv2][status] POST https://upload-firebasehosting.googleapis.com/upload/sites/wildcats-express-pos/versions/dc0beae623beb78b/files/212b102aa09e51b3b3e06647e81f7801a61333e171f6582e8124379aabccb41d 200
[debug] [2025-01-22T12:45:11.690Z] <<< [apiv2][body] POST https://upload-firebasehosting.googleapis.com/upload/sites/wildcats-express-pos/versions/dc0beae623beb78b/files/212b102aa09e51b3b3e06647e81f7801a61333e171f6582e8124379aabccb41d [stream]
[debug] [2025-01-22T12:45:11.716Z] <<< [apiv2][status] POST https://upload-firebasehosting.googleapis.com/upload/sites/wildcats-express-pos/versions/dc0beae623beb78b/files/27edce7be5922cf0bef7d4136f69b5bfbdd5bf8c13c7b026f71187d41a00aa7d 200
[debug] [2025-01-22T12:45:11.716Z] <<< [apiv2][body] POST https://upload-firebasehosting.googleapis.com/upload/sites/wildcats-express-pos/versions/dc0beae623beb78b/files/27edce7be5922cf0bef7d4136f69b5bfbdd5bf8c13c7b026f71187d41a00aa7d [stream]
[debug] [2025-01-22T12:45:11.721Z] <<< [apiv2][status] POST https://upload-firebasehosting.googleapis.com/upload/sites/wildcats-express-pos/versions/dc0beae623beb78b/files/4368aeaf848ae2e048765562c289452f33ad2a175c4b1951ea8bdf2ada0d5b10 200
[debug] [2025-01-22T12:45:11.721Z] <<< [apiv2][body] POST https://upload-firebasehosting.googleapis.com/upload/sites/wildcats-express-pos/versions/dc0beae623beb78b/files/4368aeaf848ae2e048765562c289452f33ad2a175c4b1951ea8bdf2ada0d5b10 [stream]
[debug] [2025-01-22T12:45:11.873Z] <<< [apiv2][status] POST https://upload-firebasehosting.googleapis.com/upload/sites/wildcats-express-pos/versions/dc0beae623beb78b/files/543b20bcb5b2c0e926e30e41e354dbe8e9c0110ded08645176137e5ebc64d5be 200
[debug] [2025-01-22T12:45:11.873Z] <<< [apiv2][body] POST https://upload-firebasehosting.googleapis.com/upload/sites/wildcats-express-pos/versions/dc0beae623beb78b/files/543b20bcb5b2c0e926e30e41e354dbe8e9c0110ded08645176137e5ebc64d5be [stream]
[debug] [2025-01-22T12:45:11.980Z] <<< [apiv2][status] POST https://upload-firebasehosting.googleapis.com/upload/sites/wildcats-express-pos/versions/dc0beae623beb78b/files/c5bbecdfd01ff9cb25ba2b0751df815cc867d6280c3019dc719a4d208607f2e8 200
[debug] [2025-01-22T12:45:11.980Z] <<< [apiv2][body] POST https://upload-firebasehosting.googleapis.com/upload/sites/wildcats-express-pos/versions/dc0beae623beb78b/files/c5bbecdfd01ff9cb25ba2b0751df815cc867d6280c3019dc719a4d208607f2e8 [stream]
[debug] [2025-01-22T12:45:12.012Z] <<< [apiv2][status] POST https://upload-firebasehosting.googleapis.com/upload/sites/wildcats-express-pos/versions/dc0beae623beb78b/files/8e739de123609f51de28a192618d665a9fcd1db3420edbe3d326026b6b1f4345 200
[debug] [2025-01-22T12:45:12.012Z] <<< [apiv2][body] POST https://upload-firebasehosting.googleapis.com/upload/sites/wildcats-express-pos/versions/dc0beae623beb78b/files/8e739de123609f51de28a192618d665a9fcd1db3420edbe3d326026b6b1f4345 [stream]
[debug] [2025-01-22T12:45:12.132Z] <<< [apiv2][status] POST https://upload-firebasehosting.googleapis.com/upload/sites/wildcats-express-pos/versions/dc0beae623beb78b/files/4f590cbb8a514a59a6e5063b76eba220b33bac64c9fa9b702fa607171dbb4140 200
[debug] [2025-01-22T12:45:12.132Z] <<< [apiv2][body] POST https://upload-firebasehosting.googleapis.com/upload/sites/wildcats-express-pos/versions/dc0beae623beb78b/files/4f590cbb8a514a59a6e5063b76eba220b33bac64c9fa9b702fa607171dbb4140 [stream]
[debug] [2025-01-22T12:45:12.155Z] <<< [apiv2][status] POST https://upload-firebasehosting.googleapis.com/upload/sites/wildcats-express-pos/versions/dc0beae623beb78b/files/b4b7dad561ad824f6e56ca73ea13e78e79c664c773472a41392345a23d69bae1 200
[debug] [2025-01-22T12:45:12.155Z] <<< [apiv2][body] POST https://upload-firebasehosting.googleapis.com/upload/sites/wildcats-express-pos/versions/dc0beae623beb78b/files/b4b7dad561ad824f6e56ca73ea13e78e79c664c773472a41392345a23d69bae1 [stream]
[debug] [2025-01-22T12:45:12.183Z] <<< [apiv2][status] POST https://upload-firebasehosting.googleapis.com/upload/sites/wildcats-express-pos/versions/dc0beae623beb78b/files/79e2b749561016bc8af300ea19f48347ceed3cb1a54f48ae456172eca45e08f0 200
[debug] [2025-01-22T12:45:12.183Z] <<< [apiv2][body] POST https://upload-firebasehosting.googleapis.com/upload/sites/wildcats-express-pos/versions/dc0beae623beb78b/files/79e2b749561016bc8af300ea19f48347ceed3cb1a54f48ae456172eca45e08f0 [stream]
[debug] [2025-01-22T12:45:12.337Z] <<< [apiv2][status] POST https://upload-firebasehosting.googleapis.com/upload/sites/wildcats-express-pos/versions/dc0beae623beb78b/files/b2090cf9761ef60aa06e4fab97679bd43dfa5e5df073701ead5879d7c68f1ec5 200
[debug] [2025-01-22T12:45:12.337Z] <<< [apiv2][body] POST https://upload-firebasehosting.googleapis.com/upload/sites/wildcats-express-pos/versions/dc0beae623beb78b/files/b2090cf9761ef60aa06e4fab97679bd43dfa5e5df073701ead5879d7c68f1ec5 [stream]
[debug] [2025-01-22T12:45:12.477Z] <<< [apiv2][status] POST https://upload-firebasehosting.googleapis.com/upload/sites/wildcats-express-pos/versions/dc0beae623beb78b/files/5f78d874f0146b5b8ed3949671e45fc88453b9a8aa2c06e41bef8bda522cb22c 200
[debug] [2025-01-22T12:45:12.477Z] <<< [apiv2][body] POST https://upload-firebasehosting.googleapis.com/upload/sites/wildcats-express-pos/versions/dc0beae623beb78b/files/5f78d874f0146b5b8ed3949671e45fc88453b9a8aa2c06e41bef8bda522cb22c [stream]
[debug] [2025-01-22T12:45:12.660Z] <<< [apiv2][status] POST https://upload-firebasehosting.googleapis.com/upload/sites/wildcats-express-pos/versions/dc0beae623beb78b/files/b1ee0c8e50d57138028a3feaa66c894ab90e1cfce72deb0236dc2732030a5d78 200
[debug] [2025-01-22T12:45:12.660Z] <<< [apiv2][body] POST https://upload-firebasehosting.googleapis.com/upload/sites/wildcats-express-pos/versions/dc0beae623beb78b/files/b1ee0c8e50d57138028a3feaa66c894ab90e1cfce72deb0236dc2732030a5d78 [stream]
[debug] [2025-01-22T12:45:12.660Z] [hosting][upload queue][FINAL] {"max":2280,"min":1310,"avg":1698,"active":0,"complete":12,"success":12,"errored":0,"retried":0,"total":12,"elapsed":2281}
[info] +  hosting[wildcats-express-pos]: file upload complete 
[debug] [2025-01-22T12:45:12.661Z] [hosting] deploy completed after 3068ms
[debug] [2025-01-22T12:45:12.661Z] [
  {
    "config": {
      "public": "build",
      "ignore": [
        "firebase.json",
        "**/.*",
        "**/node_modules/**"
      ],
      "rewrites": [
        {
          "source": "**",
          "destination": "/index.html"
        }
      ],
      "site": "wildcats-express-pos"
    },
    "version": "projects/908404798026/sites/wildcats-express-pos/versions/dc0beae623beb78b"
  }
]
[info] i  hosting[wildcats-express-pos]: finalizing version... 
[debug] [2025-01-22T12:45:12.663Z] Checked if tokens are valid: true, expires at: 1737550888495
[debug] [2025-01-22T12:45:12.663Z] Checked if tokens are valid: true, expires at: 1737550888495
[debug] [2025-01-22T12:45:12.663Z] >>> [apiv2][query] PATCH https://firebasehosting.googleapis.com/v1beta1/projects/-/sites/wildcats-express-pos/versions/dc0beae623beb78b updateMask=status%2Cconfig
[debug] [2025-01-22T12:45:12.663Z] >>> [apiv2][body] PATCH https://firebasehosting.googleapis.com/v1beta1/projects/-/sites/wildcats-express-pos/versions/dc0beae623beb78b {"status":"FINALIZED","config":{"rewrites":[{"glob":"**","path":"/index.html"}]}}
